<?xml version="1.0" encoding="UTF-8"?>
<testng-results ignored="0" total="1" passed="1" failed="0" skipped="0">
  <reporter-output>
  </reporter-output>
  <suite started-at="2025-04-07T16:16:57 GMT+08:00" name="Default suite" finished-at="2025-04-07T16:17:11 GMT+08:00" duration-ms="13870">
    <groups>
    </groups>
    <test started-at="2025-04-07T16:16:57 GMT+08:00" name="Default test" finished-at="2025-04-07T16:17:11 GMT+08:00" duration-ms="13870">
      <class name="mpack.Demo4">
        <test-method signature="main()[pri:0, instance:mpack.Demo4@1f2586d6]" started-at="2025-04-07T16:16:57 GMT+08:00" name="main" finished-at="2025-04-07T16:17:11 GMT+08:00" duration-ms="13784" status="PASS">
          <reporter-output>
          </reporter-output>
        </test-method> <!-- main -->
      </class> <!-- mpack.Demo4 -->
    </test> <!-- Default test -->
  </suite> <!-- Default suite -->
</testng-results>
